2024-10-01 19:30:01,270 ERROR frappe Unable to load translations
Site: mysite.localhost
Form Dict: {}
Traceback (most recent call last):
  File "/home/lakshya/Frappe/main-bench/apps/frappe/frappe/translate.py", line 164, in get_all_translations
    return frappe.cache.hget(MERGED_TRANSLATION_KEY, lang, generator=_merge_translations)
  File "/home/lakshya/Frappe/main-bench/apps/frappe/frappe/utils/redis_wrapper.py", line 232, in hget
    value = generator()
  File "/home/lakshya/Frappe/main-bench/apps/frappe/frappe/translate.py", line 152, in _merge_translations
    all_translations.update(get_translations_from_apps(lang))
  File "/home/lakshya/Frappe/main-bench/apps/frappe/frappe/translate.py", line 180, in get_translations_from_apps
    translations.update(get_translations_from_csv(lang, app) or {})
  File "/home/lakshya/Frappe/main-bench/apps/frappe/frappe/translate.py", line 192, in get_translations_from_csv
    os.path.join(frappe.get_app_path(app, "translations"), lang + ".csv"), lang, app
  File "/home/lakshya/Frappe/main-bench/apps/frappe/frappe/__init__.py", line 1559, in get_app_path
    return get_pymodule_path(app_name, *joins)
  File "/home/lakshya/Frappe/main-bench/apps/frappe/frappe/__init__.py", line 1589, in get_pymodule_path
    return abspath(join(dirname(get_module(scrub(modulename)).__file__ or ""), *joins))
  File "/home/lakshya/Frappe/main-bench/apps/frappe/frappe/__init__.py", line 1530, in get_module
    return importlib.import_module(modulename)
  File "/usr/lib/python3.10/importlib/__init__.py", line 126, in import_module
    return _bootstrap._gcd_import(name[level:], package, level)
  File "<frozen importlib._bootstrap>", line 1050, in _gcd_import
  File "<frozen importlib._bootstrap>", line 1027, in _find_and_load
  File "<frozen importlib._bootstrap>", line 1004, in _find_and_load_unlocked
ModuleNotFoundError: No module named 'library_management'
2024-10-02 20:47:50,055 ERROR frappe New Exception collected in error log
Site: mysite.localhost
Form Dict: {'doctype': 'Library Member', 'with_parent': '1', 'cached_timestamp': '2024-10-02 14:49:27.233198', 'cmd': 'frappe.desk.form.load.getdoctype'}
2024-10-02 20:48:24,279 ERROR frappe New Exception collected in error log
Site: mysite.localhost
Form Dict: {'doctype': 'Library Member', 'with_parent': '1', 'cached_timestamp': '2024-10-02 14:49:27.233198', 'cmd': 'frappe.desk.form.load.getdoctype'}
2024-10-02 20:51:06,608 ERROR frappe New Exception collected in error log
Site: mysite.localhost
Form Dict: {'doctype': 'Library Member', 'with_parent': '1', 'cached_timestamp': '2024-10-02 14:49:27.233198', 'cmd': 'frappe.desk.form.load.getdoctype'}
2024-10-02 20:56:48,061 ERROR frappe New Exception collected in error log
Site: mysite.localhost
Form Dict: {'doctype': 'Library Transaction', 'with_parent': '1', 'cached_timestamp': '', 'cmd': 'frappe.desk.form.load.getdoctype'}
2024-10-02 20:57:38,039 ERROR frappe New Exception collected in error log
Site: mysite.localhost
Form Dict: {'doctype': 'Library Transaction', 'with_parent': '1', 'cached_timestamp': '', 'cmd': 'frappe.desk.form.load.getdoctype'}
2024-10-02 21:07:12,903 ERROR frappe New Exception collected in error log
Site: mysite.localhost
Form Dict: {'doctype': 'Library Transaction', 'with_parent': '1', 'cached_timestamp': '', 'cmd': 'frappe.desk.form.load.getdoctype'}
2024-10-03 10:08:57,123 ERROR frappe New Exception collected in error log
Site: mysite.localhost
Form Dict: {'doctype': 'Library Transaction', 'with_parent': '1', 'cached_timestamp': '', 'cmd': 'frappe.desk.form.load.getdoctype'}
2024-10-03 10:10:56,998 ERROR frappe New Exception collected in error log
Site: mysite.localhost
Form Dict: {'doctype': 'Library Transaction', 'with_parent': '1', 'cached_timestamp': '', 'cmd': 'frappe.desk.form.load.getdoctype'}
2024-10-03 16:39:40,434 ERROR frappe New Exception collected in error log
Site: mysite.localhost
Form Dict: {'doctype': 'Library Member', 'with_parent': '1', 'cached_timestamp': '', 'cmd': 'frappe.desk.form.load.getdoctype'}
2024-10-04 12:03:31,376 ERROR frappe New Exception collected in error log
Site: mysite.localhost
Form Dict: {'doctype': 'Library Member', 'with_parent': '1', 'cached_timestamp': '', 'cmd': 'frappe.desk.form.load.getdoctype'}
2024-10-04 12:05:34,360 ERROR frappe New Exception collected in error log
Site: mysite.localhost
Form Dict: {'doctype': 'Library Member', 'with_parent': '1', 'cached_timestamp': '', 'cmd': 'frappe.desk.form.load.getdoctype'}
